This is pdfTeX, Version 3.14159265-2.6-1.40.21 (TeX Live 2020) (preloaded format=pdflatex 2020.9.5)  2 SEP 2021 21:29
entering extended mode
 restricted \write18 enabled.
 %&-line parsing enabled.
**./gen/_gen.tex
(./gen/_gen.tex
LaTeX2e <2020-02-02> patch level 5
L3 programming layer <2020-03-06>)
*
(Please type a command or say `\end')
*\end

*^^[
! Interruption.
<*> 
    ^^[
? exit
Type <return> to proceed, S to scroll future error messages,
R to run without stopping, Q to run quietly,
I to insert something, 
H for help, X to quit.
? X
 
Here is how much of TeX's memory you used:
 18 strings out of 480608
 408 string characters out of 5903631
 239610 words of memory out of 5000000
 16009 multiletter control sequences out of 15000+600000
 532338 words of font info for 24 fonts, out of 8000000 for 9000
 1141 hyphenation exceptions out of 8191
 12i,0n,15p,46b,8s stack positions out of 5000i,500n,10000p,200000b,80000s
No pages of output.
PDF statistics:
 0 PDF objects out of 1000 (max. 8388607)
 0 named destinations out of 1000 (max. 500000)
 1 words of extra memory for PDF output out of 10000 (max. 10000000)

